    ____  ____
   /   /\/   /
  /___/  \  /    VENDOR      : Xilinx Inc.
  \   \   \/     VERSION     : 12.2 (M.63c)
   \   \         APPLICATION : C:\Xilinx\12.2\ISE_DS\ISE\bin\nt64\unwrapped\compxlib.exe
   /   /         CONTENTS    : Compilation Log
  /___/   /\     FILENAME    : compxlib.log
  \   \  /  \    
   \___\/\___\

Release 12.2 - C:\Xilinx\12.2\ISE_DS\ISE\bin\nt64\unwrapped\compxlib.exe 12.2 (nt64)
Copyright (c) 1995-2010 Xilinx, Inc.  All rights reserved.

Processing command line ...
WARNING:Compxlib - The legacy option '-exclude_deprecated' will be obsolete in version 13.1. Please use the option '-exclude_superseded' for the same.
Library Source Paths => 'C:/Xilinx/12.2/ISE_DS/ISE'
Current Working Directory => 'D:\FPGA Prosjekter\Digitale Systemer\Xilinx\LCDTaskDigSys'
Compilation Mode = FAST
Execute Mode = ON
Scheduling library installation & compilation for architectures: spartan3a

Scheduling library installation & compilation for libraries: simprim unisim xilinxcorelib edk

Signature:-
------------------------------------------------------------------------------
C:\Xilinx\12.2\ISE_DS\ISE\bin\nt64\unwrapped\compxlib.exe -s mti_se -l vhdl -p C:/Modeltech_pe_edu_10.0c/win32pe_edu -arch spartan3a -lib unisim -lib simprim -lib xilinxcorelib -lib edk -exclude_deprecated -intstyle ise 
------------------------------------------------------------------------------
ERROR:Compxlib - COMPXLIB[sim]: Unable to automatically find executables for simulator 'mti_se' from the following paths:
    C:/Modeltech_pe_edu_10.0c/win32pe_edu
   C:\Xilinx\12.2\ISE_DS\ISE\\lib\nt64
   C:\Xilinx\12.2\ISE_DS\ISE\\bin\nt64
   C:\Xilinx\12.2\ISE_DS\PlanAhead\bin
   C:\Xilinx\12.2\ISE_DS\ISE\bin\nt64
   C:\Xilinx\12.2\ISE_DS\ISE\lib\nt64
   C:\Xilinx\12.2\ISE_DS\EDK\bin\nt64
   C:\Xilinx\12.2\ISE_DS\EDK\lib\nt64
   C:\Xilinx\12.2\ISE_DS\common\bin\nt64
   C:\Xilinx\12.2\ISE_DS\common\lib\nt64
   Foundation\VISA\WinNT\Bin
   C:\PROGRA~2\IVIFOU~1\VISA\WinNT\Bin
   C:\apache-ant-1.8.2\bin
   %JAVA_HOME%\bin
   %JAVA_HOME%\include
   %JAVA_HOME%\include\win32
   C:\Windows\system32
   C:\Windows
   C:\Windows\System32\Wibem
   C:\Program Files\SourceGear\Common\DiffMerge\
   C:\Program Files (x86)\doxygen\bin
   C:\Modeltech_xe_starter\win32xoem
   C:\Modeltech_pe_edu_10.0c\win32pe_edu
   C:\Program Files (x86)\Java\jdk1.6.0_25\bin.
Simulator 'mti_se' is ignored.
