Release 12.2 - xst M.63c (nt64)
Copyright (c) 1995-2010 Xilinx, Inc.  All rights reserved.
--> Parameter TMPDIR set to xst/projnav.tmp


Total REAL time to Xst completion: 0.00 secs
Total CPU time to Xst completion: 0.14 secs
 
--> Parameter xsthdpdir set to xst


Total REAL time to Xst completion: 0.00 secs
Total CPU time to Xst completion: 0.14 secs
 
--> Reading design: overall_system.prj

TABLE OF CONTENTS
  1) Synthesis Options Summary
  2) HDL Compilation
  3) Design Hierarchy Analysis
  4) HDL Analysis
  5) HDL Synthesis
     5.1) HDL Synthesis Report
  6) Advanced HDL Synthesis
     6.1) Advanced HDL Synthesis Report
  7) Low Level Synthesis
  8) Partition Report
  9) Final Report
	9.1) Device utilization summary
	9.2) Partition Resource Summary
	9.3) TIMING REPORT


=========================================================================
*                      Synthesis Options Summary                        *
=========================================================================
---- Source Parameters
Input File Name                    : "overall_system.prj"
Input Format                       : mixed
Ignore Synthesis Constraint File   : NO

---- Target Parameters
Output File Name                   : "overall_system"
Output Format                      : NGC
Target Device                      : xc3s400a-4-ft256

---- Source Options
Top Module Name                    : overall_system
Automatic FSM Extraction           : YES
FSM Encoding Algorithm             : Auto
Safe Implementation                : No
FSM Style                          : LUT
RAM Extraction                     : Yes
RAM Style                          : Auto
ROM Extraction                     : Yes
Mux Style                          : Auto
Decoder Extraction                 : YES
Priority Encoder Extraction        : Yes
Shift Register Extraction          : YES
Logical Shifter Extraction         : YES
XOR Collapsing                     : YES
ROM Style                          : Auto
Mux Extraction                     : Yes
Resource Sharing                   : YES
Asynchronous To Synchronous        : NO
Multiplier Style                   : Auto
Automatic Register Balancing       : No

---- Target Options
Add IO Buffers                     : YES
Global Maximum Fanout              : 500
Add Generic Clock Buffer(BUFG)     : 24
Register Duplication               : YES
Slice Packing                      : YES
Optimize Instantiated Primitives   : NO
Use Clock Enable                   : Yes
Use Synchronous Set                : Yes
Use Synchronous Reset              : Yes
Pack IO Registers into IOBs        : Auto
Equivalent register Removal        : YES

---- General Options
Optimization Goal                  : Speed
Optimization Effort                : 1
Keep Hierarchy                     : No
Netlist Hierarchy                  : As_Optimized
RTL Output                         : Yes
Global Optimization                : AllClockNets
Read Cores                         : YES
Write Timing Constraints           : NO
Cross Clock Analysis               : NO
Hierarchy Separator                : /
Bus Delimiter                      : <>
Case Specifier                     : Maintain
Slice Utilization Ratio            : 100
BRAM Utilization Ratio             : 100
Verilog 2001                       : YES
Auto BRAM Packing                  : NO
Slice Utilization Ratio Delta      : 5

=========================================================================


=========================================================================
*                          HDL Compilation                              *
=========================================================================
Compiling vhdl file "D:/FPGA Prosjekter/Digitale Systemer/Xilinx/LCDTaskDigSys/debouncer.vhd" in Library work.
Architecture arch of Entity db_fsm is up to date.
Compiling vhdl file "D:/FPGA Prosjekter/Digitale Systemer/Xilinx/LCDTaskDigSys/lcdserializer.vhd" in Library work.
Architecture behavioral of Entity lcd_serializer is up to date.
Compiling vhdl file "D:/FPGA Prosjekter/Digitale Systemer/Xilinx/LCDTaskDigSys/edge_detector.vhd" in Library work.
Architecture behavioral of Entity rotation_detector is up to date.
Compiling vhdl file "D:/FPGA Prosjekter/Digitale Systemer/Xilinx/LCDTaskDigSys/fsm_logic.vhd" in Library work.
Architecture behavioral of Entity system_logic is up to date.
Compiling vhdl file "D:/FPGA Prosjekter/Digitale Systemer/Xilinx/LCDTaskDigSys/overall_system.vhd" in Library work.
Entity <overall_system> compiled.
Entity <overall_system> (Architecture <behavioral>) compiled.

=========================================================================
*                     Design Hierarchy Analysis                         *
=========================================================================
Analyzing hierarchy for entity <overall_system> in library <work> (architecture <behavioral>).

Analyzing hierarchy for entity <lcd_serializer> in library <work> (architecture <Behavioral>).

Analyzing hierarchy for entity <rotation_detector> in library <work> (architecture <Behavioral>).

Analyzing hierarchy for entity <system_logic> in library <work> (architecture <Behavioral>).

Analyzing hierarchy for entity <db_fsm> in library <work> (architecture <arch>).


=========================================================================
*                            HDL Analysis                               *
=========================================================================
Analyzing Entity <overall_system> in library <work> (Architecture <behavioral>).
Entity <overall_system> analyzed. Unit <overall_system> generated.

Analyzing Entity <lcd_serializer> in library <work> (Architecture <Behavioral>).
WARNING:Xst:819 - "D:/FPGA Prosjekter/Digitale Systemer/Xilinx/LCDTaskDigSys/lcdserializer.vhd" line 66: One or more signals are missing in the process sensitivity list. To enable synthesis of FPGA/CPLD hardware, XST will assume that all necessary signals are present in the sensitivity list. Please note that the result of the synthesis may differ from the initial design specification. The missing signals are:
   <LCD_START>, <LCD_BYTE>
Entity <lcd_serializer> analyzed. Unit <lcd_serializer> generated.

Analyzing Entity <rotation_detector> in library <work> (Architecture <Behavioral>).
WARNING:Xst:819 - "D:/FPGA Prosjekter/Digitale Systemer/Xilinx/LCDTaskDigSys/edge_detector.vhd" line 74: One or more signals are missing in the process sensitivity list. To enable synthesis of FPGA/CPLD hardware, XST will assume that all necessary signals are present in the sensitivity list. Please note that the result of the synthesis may differ from the initial design specification. The missing signals are:
   <DB_ROT_B>
Entity <rotation_detector> analyzed. Unit <rotation_detector> generated.

Analyzing Entity <db_fsm> in library <work> (Architecture <arch>).
Entity <db_fsm> analyzed. Unit <db_fsm> generated.

Analyzing Entity <system_logic> in library <work> (Architecture <Behavioral>).
WARNING:Xst:819 - "D:/FPGA Prosjekter/Digitale Systemer/Xilinx/LCDTaskDigSys/fsm_logic.vhd" line 70: One or more signals are missing in the process sensitivity list. To enable synthesis of FPGA/CPLD hardware, XST will assume that all necessary signals are present in the sensitivity list. Please note that the result of the synthesis may differ from the initial design specification. The missing signals are:
   <CUR_COL_REG>, <NEW_COL_REG>, <CUR_PAGE_REG>, <NEW_PAGE_REG>, <COUNTER_REG>
INFO:Xst:2679 - Register <LCD_ISDATA> in unit <system_logic> has a constant value of 1 during circuit operation. The register is replaced by logic.
Entity <system_logic> analyzed. Unit <system_logic> generated.


=========================================================================
*                           HDL Synthesis                               *
=========================================================================

Performing bidirectional port resolution...

Synthesizing Unit <lcd_serializer>.
    Related source file is "D:/FPGA Prosjekter/Digitale Systemer/Xilinx/LCDTaskDigSys/lcdserializer.vhd".
    Found finite state machine <FSM_0> for signal <STATE_REG>.
    -----------------------------------------------------------------------
    | States             | 9                                              |
    | Transitions        | 10                                             |
    | Inputs             | 1                                              |
    | Outputs            | 9                                              |
    | Clock              | CLK                       (rising_edge)        |
    | Power Up State     | idle                                           |
    | Encoding           | automatic                                      |
    | Implementation     | LUT                                            |
    -----------------------------------------------------------------------
    Found 1-bit register for signal <CS_REG>.
    Found 1-bit register for signal <DATA_REG>.
    Found 1-bit register for signal <LCD_READY_REG>.
    Summary:
	inferred   1 Finite State Machine(s).
	inferred   3 D-type flip-flop(s).
Unit <lcd_serializer> synthesized.


Synthesizing Unit <system_logic>.
    Related source file is "D:/FPGA Prosjekter/Digitale Systemer/Xilinx/LCDTaskDigSys/fsm_logic.vhd".
WARNING:Xst:647 - Input <LCD_READY> is never used. This port will be preserved and left unconnected if it belongs to a top-level block or it belongs to a sub-block and the hierarchy of this sub-block is preserved.
WARNING:Xst:646 - Signal <LCD_ISDATA_REG> is assigned but never used. This unconnected signal will be trimmed during the optimization process.
    Found finite state machine <FSM_1> for signal <STATE_REG>.
    -----------------------------------------------------------------------
    | States             | 28                                             |
    | Transitions        | 55                                             |
    | Inputs             | 5                                              |
    | Outputs            | 29                                             |
    | Clock              | CLK                       (rising_edge)        |
    | Power Up State     | init0                                          |
    | Encoding           | automatic                                      |
    | Implementation     | LUT                                            |
    -----------------------------------------------------------------------
WARNING:Xst:737 - Found 32-bit latch for signal <COUNTER_NEXT>. Latches may be generated from incomplete case or if statements. We do not recommend the use of latches in FPGA/CPLD designs, as they may lead to timing problems.
INFO:Xst:2371 - HDL ADVISOR - Logic functions respectively driving the data and gate enable inputs of this latch share common terms. This situation will potentially lead to setup/hold violations and, as a result, to simulation problems. This situation may come from an incomplete case statement (all selector values are not covered). You should carefully review if it was in your intentions to describe such a latch.
    Found 32-bit subtractor for signal <COUNTER_NEXT$sub0000> created at line 273.
    Found 32-bit register for signal <COUNTER_REG>.
    Found 8-bit register for signal <CUR_COL_REG>.
    Found 4-bit register for signal <CUR_PAGE_REG>.
    Found 8-bit register for signal <LCD_BYTE_REG>.
    Found 1-bit register for signal <LCD_START_REG>.
    Found 8-bit register for signal <NEW_COL_REG>.
    Found 8-bit addsub for signal <NEW_COL_REG$share0000> created at line 81.
    Found 4-bit register for signal <NEW_PAGE_REG>.
    Found 4-bit addsub for signal <NEW_PAGE_REG$share0000> created at line 81.
    Summary:
	inferred   1 Finite State Machine(s).
	inferred  65 D-type flip-flop(s).
	inferred   3 Adder/Subtractor(s).
Unit <system_logic> synthesized.


Synthesizing Unit <db_fsm>.
    Related source file is "D:/FPGA Prosjekter/Digitale Systemer/Xilinx/LCDTaskDigSys/debouncer.vhd".
    Found finite state machine <FSM_2> for signal <state_reg>.
    -----------------------------------------------------------------------
    | States             | 8                                              |
    | Transitions        | 22                                             |
    | Inputs             | 2                                              |
    | Outputs            | 1                                              |
    | Clock              | clk                       (rising_edge)        |
    | Reset              | reset                     (positive)           |
    | Reset type         | asynchronous                                   |
    | Reset State        | zero                                           |
    | Power Up State     | zero                                           |
    | Encoding           | automatic                                      |
    | Implementation     | LUT                                            |
    -----------------------------------------------------------------------
    Found 11-bit up counter for signal <q_reg>.
    Summary:
	inferred   1 Finite State Machine(s).
	inferred   1 Counter(s).
Unit <db_fsm> synthesized.


Synthesizing Unit <rotation_detector>.
    Related source file is "D:/FPGA Prosjekter/Digitale Systemer/Xilinx/LCDTaskDigSys/edge_detector.vhd".
    Found finite state machine <FSM_3> for signal <STATE_REG>.
    -----------------------------------------------------------------------
    | States             | 3                                              |
    | Transitions        | 5                                              |
    | Inputs             | 2                                              |
    | Outputs            | 2                                              |
    | Clock              | CLK                       (rising_edge)        |
    | Power Up State     | idle                                           |
    | Encoding           | automatic                                      |
    | Implementation     | LUT                                            |
    -----------------------------------------------------------------------
    Found 1-bit register for signal <DELAY_A_REG>.
    Summary:
	inferred   1 Finite State Machine(s).
	inferred   1 D-type flip-flop(s).
Unit <rotation_detector> synthesized.


Synthesizing Unit <overall_system>.
    Related source file is "D:/FPGA Prosjekter/Digitale Systemer/Xilinx/LCDTaskDigSys/overall_system.vhd".
WARNING:Xst:647 - Input <btn> is never used. This port will be preserved and left unconnected if it belongs to a top-level block or it belongs to a sub-block and the hierarchy of this sub-block is preserved.
WARNING:Xst:1306 - Output <RESETLCD> is never assigned.
WARNING:Xst:646 - Signal <RESET_LCD_OUT> is assigned but never used. This unconnected signal will be trimmed during the optimization process.
Unit <overall_system> synthesized.

INFO:Xst:1767 - HDL ADVISOR - Resource sharing has identified that some arithmetic operations in this design can share the same physical resources for reduced device utilization. For improved clock frequency you may try to disable resource sharing.

=========================================================================
HDL Synthesis Report

Macro Statistics
# Adders/Subtractors                                   : 3
 32-bit subtractor                                     : 1
 4-bit addsub                                          : 1
 8-bit addsub                                          : 1
# Counters                                             : 4
 11-bit up counter                                     : 4
# Registers                                            : 12
 1-bit register                                        : 6
 32-bit register                                       : 1
 4-bit register                                        : 2
 8-bit register                                        : 3
# Latches                                              : 1
 32-bit latch                                          : 1

=========================================================================

=========================================================================
*                       Advanced HDL Synthesis                          *
=========================================================================

Analyzing FSM <FSM_3> for best encoding.
Optimizing FSM <HORIZONTAL_KNOB/STATE_REG/FSM> on signal <STATE_REG[1:2]> with user encoding.
Optimizing FSM <VERTICAL_KNOB/STATE_REG/FSM> on signal <STATE_REG[1:2]> with user encoding.
-----------------------
 State     | Encoding
-----------------------
 idle      | 00
 cw_state  | 01
 ccw_state | 10
-----------------------
Analyzing FSM <FSM_2> for best encoding.
Optimizing FSM <HORIZONTAL_KNOB/DEBOUNCE_A/state_reg/FSM> on signal <state_reg[1:3]> with user encoding.
Optimizing FSM <VERTICAL_KNOB/DEBOUNCE_A/state_reg/FSM> on signal <state_reg[1:3]> with user encoding.
Optimizing FSM <HORIZONTAL_KNOB/DEBOUNCE_B/state_reg/FSM> on signal <state_reg[1:3]> with user encoding.
Optimizing FSM <VERTICAL_KNOB/DEBOUNCE_B/state_reg/FSM> on signal <state_reg[1:3]> with user encoding.
---------------------
 State   | Encoding
---------------------
 zero    | 000
 wait1_1 | 001
 wait1_2 | 010
 wait1_3 | 011
 one     | 100
 wait0_1 | 101
 wait0_2 | 110
 wait0_3 | 111
---------------------
Analyzing FSM <FSM_1> for best encoding.
Optimizing FSM <SYSTEM_LOGIC/STATE_REG/FSM> on signal <STATE_REG[1:28]> with one-hot encoding.
----------------------------------------------
 State        | Encoding
----------------------------------------------
 init0        | 0000000000000000000000000001
 init1        | 0000000000000000000000000010
 init2        | 0000000000000000000000000100
 init3        | 0000000000000000000000001000
 init4        | 0000000000000000000000010000
 init5        | 0000000000000000000000100000
 init6        | 0000000000000000000001000000
 init7        | 0000000000000000000010000000
 init8        | 0000000000000000000100000000
 init9        | 0000000000000000001000000000
 init10       | 0000000000000000010000000000
 init11       | 0000000000000000100000000000
 init12       | 0000000000000001000000000000
 init13       | 0000000000000010000000000000
 init14       | 0000000000000100000000000000
 init15       | 0000000000001000000000000000
 init16       | 0000000000010000000000000000
 init17       | 0000000000100000000000000000
 idle         | 0000000001000000000000000000
 up           | 0000000010000000000000000000
 down         | 0000000100000000000000000000
 left         | 0000010000000000000000000000
 right        | 0000001000000000000000000000
 clearcurrent | 0000100000000000000000000000
 drawnext1    | 0001000000000000000000000000
 drawnext2    | 0010000000000000000000000000
 drawnext3    | 0100000000000000000000000000
 drawnext4    | 1000000000000000000000000000
----------------------------------------------
Analyzing FSM <FSM_0> for best encoding.
Optimizing FSM <LCD_SERIALIZER/STATE_REG/FSM> on signal <STATE_REG[1:9]> with one-hot encoding.
--------------------
 State | Encoding
--------------------
 idle  | 000000001
 data0 | 000000010
 data1 | 000000100
 data2 | 000001000
 data3 | 000010000
 data4 | 000100000
 data5 | 001000000
 data6 | 010000000
 data7 | 100000000
--------------------
INFO:Xst:2261 - The FF/Latch <CUR_PAGE_REG_0> in Unit <SYSTEM_LOGIC> is equivalent to the following 11 FFs/Latches, which will be removed : <CUR_PAGE_REG_1> <CUR_PAGE_REG_2> <CUR_PAGE_REG_3> <CUR_COL_REG_0> <CUR_COL_REG_1> <CUR_COL_REG_2> <CUR_COL_REG_3> <CUR_COL_REG_4> <CUR_COL_REG_5> <CUR_COL_REG_6> <CUR_COL_REG_7> 
WARNING:Xst:1710 - FF/Latch <CUR_PAGE_REG_0> (without init value) has a constant value of 0 in block <SYSTEM_LOGIC>. This FF/Latch will be trimmed during the optimization process.
WARNING:Xst:2404 -  FFs/Latches <CUR_PAGE_REG<3:0>> (without init value) have a constant value of 0 in block <system_logic>.
WARNING:Xst:2404 -  FFs/Latches <CUR_COL_REG<7:0>> (without init value) have a constant value of 0 in block <system_logic>.

=========================================================================
Advanced HDL Synthesis Report

Macro Statistics
# FSMs                                                 : 4
# Adders/Subtractors                                   : 3
 32-bit subtractor                                     : 1
 4-bit addsub                                          : 1
 8-bit addsub                                          : 1
# Counters                                             : 4
 11-bit up counter                                     : 4
# Registers                                            : 58
 Flip-Flops                                            : 58
# Latches                                              : 1
 32-bit latch                                          : 1

=========================================================================

=========================================================================
*                         Low Level Synthesis                           *
=========================================================================
INFO:Xst:2261 - The FF/Latch <LCD_READY_REG> in Unit <lcd_serializer> is equivalent to the following FF/Latch, which will be removed : <CS_REG> 
INFO:Xst:2146 - In block <overall_system>, Counter <VERTICAL_KNOB/DEBOUNCE_A/q_reg> <HORIZONTAL_KNOB/DEBOUNCE_A/q_reg> <VERTICAL_KNOB/DEBOUNCE_B/q_reg> <HORIZONTAL_KNOB/DEBOUNCE_B/q_reg> are equivalent, XST will keep only <VERTICAL_KNOB/DEBOUNCE_A/q_reg>.

Optimizing unit <overall_system> ...

Optimizing unit <system_logic> ...

Mapping all equations...
Building and optimizing final netlist ...
Found area constraint ratio of 100 (+ 5) on block overall_system, actual ratio is 3.

Final Macro Processing ...

=========================================================================
Final Register Report

Macro Statistics
# Registers                                            : 121
 Flip-Flops                                            : 121

=========================================================================

=========================================================================
*                           Partition Report                            *
=========================================================================

Partition Implementation Status
-------------------------------

  No Partitions were found in this design.

-------------------------------

=========================================================================
*                            Final Report                               *
=========================================================================
Final Results
RTL Top Level Output File Name     : overall_system.ngr
Top Level Output File Name         : overall_system
Output Format                      : NGC
Optimization Goal                  : Speed
Keep Hierarchy                     : No

Design Statistics
# IOs                              : 15

Cell Usage :
# BELS                             : 301
#      GND                         : 1
#      INV                         : 32
#      LUT1                        : 11
#      LUT2                        : 12
#      LUT2_L                      : 1
#      LUT3                        : 62
#      LUT3_D                      : 1
#      LUT3_L                      : 8
#      LUT4                        : 70
#      LUT4_D                      : 3
#      LUT4_L                      : 1
#      MUXCY                       : 47
#      MUXF5                       : 8
#      VCC                         : 1
#      XORCY                       : 43
# FlipFlops/Latches                : 153
#      FD                          : 64
#      FDC                         : 12
#      FDE                         : 21
#      FDR                         : 4
#      FDS                         : 19
#      FDSE                        : 1
#      LD_1                        : 32
# Clock Buffers                    : 2
#      BUFG                        : 2
# IO Buffers                       : 11
#      IBUF                        : 5
#      OBUF                        : 6
=========================================================================

Device utilization summary:
---------------------------

Selected Device : 3s400aft256-4 

 Number of Slices:                      128  out of   3584     3%  
 Number of Slice Flip Flops:            153  out of   7168     2%  
 Number of 4 input LUTs:                201  out of   7168     2%  
 Number of IOs:                          15
 Number of bonded IOBs:                  11  out of    195     5%  
 Number of GCLKs:                         2  out of     24     8%  

---------------------------
Partition Resource Summary:
---------------------------

  No Partitions were found in this design.

---------------------------


=========================================================================
TIMING REPORT

NOTE: THESE TIMING NUMBERS ARE ONLY A SYNTHESIS ESTIMATE.
      FOR ACCURATE TIMING INFORMATION PLEASE REFER TO THE TRACE REPORT
      GENERATED AFTER PLACE-and-ROUTE.

Clock Information:
------------------
------------------------------------------------------------------------+--------------------------------------+-------+
Clock Signal                                                            | Clock buffer(FF name)                | Load  |
------------------------------------------------------------------------+--------------------------------------+-------+
CLK                                                                     | IBUF+BUFG                            | 121   |
SYSTEM_LOGIC/COUNTER_NEXT_or00001(SYSTEM_LOGIC/COUNTER_NEXT_or0000_f5:O)| BUFG(*)(SYSTEM_LOGIC/COUNTER_NEXT_31)| 32    |
------------------------------------------------------------------------+--------------------------------------+-------+
(*) This 1 clock signal(s) are generated by combinatorial logic,
and XST is not able to identify which are the primary clock signals.
Please use the CLOCK_SIGNAL constraint to specify the clock signal(s) generated by combinatorial logic.

Asynchronous Control Signals Information:
----------------------------------------
-----------------------------------+----------------------------------------------------+-------+
Control Signal                     | Buffer(FF name)                                    | Load  |
-----------------------------------+----------------------------------------------------+-------+
N0(XST_GND:G)                      | NONE(HORIZONTAL_KNOB/DEBOUNCE_A/state_reg_FSM_FFd1)| 12    |
-----------------------------------+----------------------------------------------------+-------+

Timing Summary:
---------------
Speed Grade: -4

   Minimum period: 6.292ns (Maximum Frequency: 158.937MHz)
   Minimum input arrival time before clock: 3.577ns
   Maximum output required time after clock: 5.531ns
   Maximum combinational path delay: 5.816ns

Timing Detail:
--------------
All values displayed in nanoseconds (ns)

=========================================================================
Timing constraint: Default period analysis for Clock 'CLK'
  Clock period: 6.292ns (frequency: 158.937MHz)
  Total number of paths / destination ports: 1590 / 134
-------------------------------------------------------------------------
Delay:               6.292ns (Levels of Logic = 9)
  Source:            SYSTEM_LOGIC/COUNTER_REG_8 (FF)
  Destination:       SYSTEM_LOGIC/STATE_REG_FSM_FFd10 (FF)
  Source Clock:      CLK rising
  Destination Clock: CLK rising

  Data Path: SYSTEM_LOGIC/COUNTER_REG_8 to SYSTEM_LOGIC/STATE_REG_FSM_FFd10
                                Gate     Net
    Cell:in->out      fanout   Delay   Delay  Logical Name (Net Name)
    ----------------------------------------  ------------
     FD:C->Q               2   0.591   0.590  SYSTEM_LOGIC/COUNTER_REG_8 (SYSTEM_LOGIC/COUNTER_REG_8)
     LUT4:I0->O            1   0.648   0.000  SYSTEM_LOGIC/STATE_REG_cmp_eq0000_wg_lut<0> (SYSTEM_LOGIC/STATE_REG_cmp_eq0000_wg_lut<0>)
     MUXCY:S->O            1   0.632   0.000  SYSTEM_LOGIC/STATE_REG_cmp_eq0000_wg_cy<0> (SYSTEM_LOGIC/STATE_REG_cmp_eq0000_wg_cy<0>)
     MUXCY:CI->O           1   0.065   0.000  SYSTEM_LOGIC/STATE_REG_cmp_eq0000_wg_cy<1> (SYSTEM_LOGIC/STATE_REG_cmp_eq0000_wg_cy<1>)
     MUXCY:CI->O           1   0.065   0.000  SYSTEM_LOGIC/STATE_REG_cmp_eq0000_wg_cy<2> (SYSTEM_LOGIC/STATE_REG_cmp_eq0000_wg_cy<2>)
     MUXCY:CI->O           1   0.065   0.000  SYSTEM_LOGIC/STATE_REG_cmp_eq0000_wg_cy<3> (SYSTEM_LOGIC/STATE_REG_cmp_eq0000_wg_cy<3>)
     MUXCY:CI->O           1   0.065   0.000  SYSTEM_LOGIC/STATE_REG_cmp_eq0000_wg_cy<4> (SYSTEM_LOGIC/STATE_REG_cmp_eq0000_wg_cy<4>)
     MUXCY:CI->O           1   0.269   0.452  SYSTEM_LOGIC/STATE_REG_cmp_eq0000_wg_cy<5> (SYSTEM_LOGIC/STATE_REG_cmp_eq0000_wg_cy<5>)
     LUT3:I2->O           56   0.648   1.302  SYSTEM_LOGIC/STATE_REG_cmp_eq0000_wg_cy<7>1 (SYSTEM_LOGIC/STATE_REG_cmp_eq0000)
     LUT3:I2->O            1   0.648   0.000  SYSTEM_LOGIC/STATE_REG_FSM_FFd10-In1 (SYSTEM_LOGIC/STATE_REG_FSM_FFd10-In1)
     FDS:D                     0.252          SYSTEM_LOGIC/STATE_REG_FSM_FFd10
    ----------------------------------------
    Total                      6.292ns (3.948ns logic, 2.344ns route)
                                       (62.7% logic, 37.3% route)

=========================================================================
Timing constraint: Default OFFSET IN BEFORE for Clock 'CLK'
  Total number of paths / destination ports: 12 / 12
-------------------------------------------------------------------------
Offset:              3.577ns (Levels of Logic = 3)
  Source:            H_ROT_A (PAD)
  Destination:       HORIZONTAL_KNOB/DEBOUNCE_A/state_reg_FSM_FFd3 (FF)
  Destination Clock: CLK rising

  Data Path: H_ROT_A to HORIZONTAL_KNOB/DEBOUNCE_A/state_reg_FSM_FFd3
                                Gate     Net
    Cell:in->out      fanout   Delay   Delay  Logical Name (Net Name)
    ----------------------------------------  ------------
     IBUF:I->O             2   0.849   0.590  H_ROT_A_IBUF (H_ROT_A_IBUF)
     LUT2:I0->O            2   0.648   0.590  HORIZONTAL_KNOB/DEBOUNCE_A/state_reg_FSM_FFd2-In11 (HORIZONTAL_KNOB/DEBOUNCE_A/state_reg_FSM_N0)
     LUT4:I0->O            1   0.648   0.000  HORIZONTAL_KNOB/DEBOUNCE_A/state_reg_FSM_FFd3-In1 (HORIZONTAL_KNOB/DEBOUNCE_A/state_reg_FSM_FFd3-In)
     FDC:D                     0.252          HORIZONTAL_KNOB/DEBOUNCE_A/state_reg_FSM_FFd3
    ----------------------------------------
    Total                      3.577ns (2.397ns logic, 1.180ns route)
                                       (67.0% logic, 33.0% route)

=========================================================================
Timing constraint: Default OFFSET OUT AFTER for Clock 'CLK'
  Total number of paths / destination ports: 2 / 2
-------------------------------------------------------------------------
Offset:              5.531ns (Levels of Logic = 1)
  Source:            LCD_SERIALIZER/LCD_READY_REG (FF)
  Destination:       CS (PAD)
  Source Clock:      CLK rising

  Data Path: LCD_SERIALIZER/LCD_READY_REG to CS
                                Gate     Net
    Cell:in->out      fanout   Delay   Delay  Logical Name (Net Name)
    ----------------------------------------  ------------
     FD:C->Q               1   0.591   0.420  LCD_SERIALIZER/LCD_READY_REG (LCD_SERIALIZER/LCD_READY_REG)
     OBUF:I->O                 4.520          CS_OBUF (CS)
    ----------------------------------------
    Total                      5.531ns (5.111ns logic, 0.420ns route)
                                       (92.4% logic, 7.6% route)

=========================================================================
Timing constraint: Default path analysis
  Total number of paths / destination ports: 1 / 1
-------------------------------------------------------------------------
Delay:               5.816ns (Levels of Logic = 2)
  Source:            CLK (PAD)
  Destination:       SCLK (PAD)

  Data Path: CLK to SCLK
                                Gate     Net
    Cell:in->out      fanout   Delay   Delay  Logical Name (Net Name)
    ----------------------------------------  ------------
     IBUF:I->O             2   0.849   0.447  CLK_IBUF (SCLK_OBUF1)
     OBUF:I->O                 4.520          SCLK_OBUF (SCLK)
    ----------------------------------------
    Total                      5.816ns (5.369ns logic, 0.447ns route)
                                       (92.3% logic, 7.7% route)

=========================================================================


Total REAL time to Xst completion: 10.00 secs
Total CPU time to Xst completion: 9.61 secs
 
--> 

Total memory usage is 255716 kilobytes

Number of errors   :    0 (   0 filtered)
Number of warnings :   12 (   0 filtered)
Number of infos    :    6 (   0 filtered)

